Performing C SOURCE FILE Test CMAKE_HAVE_LIBC_PTHREAD failed with the following output:
Change Dir: /home/campo193/csci_5801/google_tests_test/build/CMakeFiles/CMakeTmp

Run Build Command(s):/usr/bin/make cmTC_c0a5c/fast && /usr/bin/make -f CMakeFiles/cmTC_c0a5c.dir/build.make CMakeFiles/cmTC_c0a5c.dir/build
make[1]: Entering directory '/home/campo193/csci_5801/google_tests_test/build/CMakeFiles/CMakeTmp'
Building C object CMakeFiles/cmTC_c0a5c.dir/src.c.o
/usr/bin/cc   -DCMAKE_HAVE_LIBC_PTHREAD   -o CMakeFiles/cmTC_c0a5c.dir/src.c.o   -c /home/campo193/csci_5801/google_tests_test/build/CMakeFiles/CMakeTmp/src.c
Linking C executable cmTC_c0a5c
/usr/bin/cmake -E cmake_link_script CMakeFiles/cmTC_c0a5c.dir/link.txt --verbose=1
/usr/bin/cc  -DCMAKE_HAVE_LIBC_PTHREAD    -rdynamic CMakeFiles/cmTC_c0a5c.dir/src.c.o  -o cmTC_c0a5c 
/usr/bin/ld: CMakeFiles/cmTC_c0a5c.dir/src.c.o: in function `main':
src.c:(.text+0x46): undefined reference to `pthread_create'
/usr/bin/ld: src.c:(.text+0x52): undefined reference to `pthread_detach'
/usr/bin/ld: src.c:(.text+0x63): undefined reference to `pthread_join'
collect2: error: ld returned 1 exit status
make[1]: *** [CMakeFiles/cmTC_c0a5c.dir/build.make:87: cmTC_c0a5c] Error 1
make[1]: Leaving directory '/home/campo193/csci_5801/google_tests_test/build/CMakeFiles/CMakeTmp'
make: *** [Makefile:121: cmTC_c0a5c/fast] Error 2


Source file was:
#include <pthread.h>

void* test_func(void* data)
{
  return data;
}

int main(void)
{
  pthread_t thread;
  pthread_create(&thread, NULL, test_func, NULL);
  pthread_detach(thread);
  pthread_join(thread, NULL);
  pthread_atfork(NULL, NULL, NULL);
  pthread_exit(NULL);

  return 0;
}

Determining if the function pthread_create exists in the pthreads failed with the following output:
Change Dir: /home/campo193/csci_5801/google_tests_test/build/CMakeFiles/CMakeTmp

Run Build Command(s):/usr/bin/make cmTC_8f6b0/fast && /usr/bin/make -f CMakeFiles/cmTC_8f6b0.dir/build.make CMakeFiles/cmTC_8f6b0.dir/build
make[1]: Entering directory '/home/campo193/csci_5801/google_tests_test/build/CMakeFiles/CMakeTmp'
Building C object CMakeFiles/cmTC_8f6b0.dir/CheckFunctionExists.c.o
/usr/bin/cc   -DCHECK_FUNCTION_EXISTS=pthread_create   -o CMakeFiles/cmTC_8f6b0.dir/CheckFunctionExists.c.o   -c /usr/share/cmake-3.16/Modules/CheckFunctionExists.c
Linking C executable cmTC_8f6b0
/usr/bin/cmake -E cmake_link_script CMakeFiles/cmTC_8f6b0.dir/link.txt --verbose=1
/usr/bin/cc  -DCHECK_FUNCTION_EXISTS=pthread_create    -rdynamic CMakeFiles/cmTC_8f6b0.dir/CheckFunctionExists.c.o  -o cmTC_8f6b0  -lpthreads 
/usr/bin/ld: cannot find -lpthreads
collect2: error: ld returned 1 exit status
make[1]: *** [CMakeFiles/cmTC_8f6b0.dir/build.make:87: cmTC_8f6b0] Error 1
make[1]: Leaving directory '/home/campo193/csci_5801/google_tests_test/build/CMakeFiles/CMakeTmp'
make: *** [Makefile:121: cmTC_8f6b0/fast] Error 2



Performing C SOURCE FILE Test CMAKE_HAVE_LIBC_PTHREAD failed with the following output:
Change Dir: /home/campo193/csci_5801/5801_Project/build/CMakeFiles/CMakeTmp

Run Build Command(s):/usr/bin/make cmTC_60298/fast && /usr/bin/make -f CMakeFiles/cmTC_60298.dir/build.make CMakeFiles/cmTC_60298.dir/build
make[1]: Entering directory '/home/campo193/csci_5801/5801_Project/build/CMakeFiles/CMakeTmp'
Building C object CMakeFiles/cmTC_60298.dir/src.c.o
/usr/bin/cc   -DCMAKE_HAVE_LIBC_PTHREAD   -o CMakeFiles/cmTC_60298.dir/src.c.o   -c /home/campo193/csci_5801/5801_Project/build/CMakeFiles/CMakeTmp/src.c
Linking C executable cmTC_60298
/usr/bin/cmake -E cmake_link_script CMakeFiles/cmTC_60298.dir/link.txt --verbose=1
/usr/bin/cc  -DCMAKE_HAVE_LIBC_PTHREAD    -rdynamic CMakeFiles/cmTC_60298.dir/src.c.o  -o cmTC_60298 
/usr/bin/ld: CMakeFiles/cmTC_60298.dir/src.c.o: in function `main':
src.c:(.text+0x46): undefined reference to `pthread_create'
/usr/bin/ld: src.c:(.text+0x52): undefined reference to `pthread_detach'
/usr/bin/ld: src.c:(.text+0x63): undefined reference to `pthread_join'
collect2: error: ld returned 1 exit status
make[1]: *** [CMakeFiles/cmTC_60298.dir/build.make:87: cmTC_60298] Error 1
make[1]: Leaving directory '/home/campo193/csci_5801/5801_Project/build/CMakeFiles/CMakeTmp'
make: *** [Makefile:121: cmTC_60298/fast] Error 2


Source file was:
#include <pthread.h>

void* test_func(void* data)
{
  return data;
}

int main(void)
{
  pthread_t thread;
  pthread_create(&thread, NULL, test_func, NULL);
  pthread_detach(thread);
  pthread_join(thread, NULL);
  pthread_atfork(NULL, NULL, NULL);
  pthread_exit(NULL);

  return 0;
}

Determining if the function pthread_create exists in the pthreads failed with the following output:
Change Dir: /home/campo193/csci_5801/5801_Project/build/CMakeFiles/CMakeTmp

Run Build Command(s):/usr/bin/make cmTC_4fd0e/fast && /usr/bin/make -f CMakeFiles/cmTC_4fd0e.dir/build.make CMakeFiles/cmTC_4fd0e.dir/build
make[1]: Entering directory '/home/campo193/csci_5801/5801_Project/build/CMakeFiles/CMakeTmp'
Building C object CMakeFiles/cmTC_4fd0e.dir/CheckFunctionExists.c.o
/usr/bin/cc   -DCHECK_FUNCTION_EXISTS=pthread_create   -o CMakeFiles/cmTC_4fd0e.dir/CheckFunctionExists.c.o   -c /usr/share/cmake-3.16/Modules/CheckFunctionExists.c
Linking C executable cmTC_4fd0e
/usr/bin/cmake -E cmake_link_script CMakeFiles/cmTC_4fd0e.dir/link.txt --verbose=1
/usr/bin/cc  -DCHECK_FUNCTION_EXISTS=pthread_create    -rdynamic CMakeFiles/cmTC_4fd0e.dir/CheckFunctionExists.c.o  -o cmTC_4fd0e  -lpthreads 
/usr/bin/ld: cannot find -lpthreads
collect2: error: ld returned 1 exit status
make[1]: *** [CMakeFiles/cmTC_4fd0e.dir/build.make:87: cmTC_4fd0e] Error 1
make[1]: Leaving directory '/home/campo193/csci_5801/5801_Project/build/CMakeFiles/CMakeTmp'
make: *** [Makefile:121: cmTC_4fd0e/fast] Error 2



Performing C SOURCE FILE Test CMAKE_HAVE_LIBC_PTHREAD failed with the following output:
Change Dir: /home/campo193/csci_5801/5801_Project/build/CMakeFiles/CMakeTmp

Run Build Command(s):/usr/bin/make cmTC_2e4b4/fast && /usr/bin/make -f CMakeFiles/cmTC_2e4b4.dir/build.make CMakeFiles/cmTC_2e4b4.dir/build
make[1]: Entering directory '/home/campo193/csci_5801/5801_Project/build/CMakeFiles/CMakeTmp'
Building C object CMakeFiles/cmTC_2e4b4.dir/src.c.o
/usr/bin/cc   -DCMAKE_HAVE_LIBC_PTHREAD   -o CMakeFiles/cmTC_2e4b4.dir/src.c.o   -c /home/campo193/csci_5801/5801_Project/build/CMakeFiles/CMakeTmp/src.c
Linking C executable cmTC_2e4b4
/usr/bin/cmake -E cmake_link_script CMakeFiles/cmTC_2e4b4.dir/link.txt --verbose=1
/usr/bin/cc  -DCMAKE_HAVE_LIBC_PTHREAD    -rdynamic CMakeFiles/cmTC_2e4b4.dir/src.c.o  -o cmTC_2e4b4 
/usr/bin/ld: CMakeFiles/cmTC_2e4b4.dir/src.c.o: in function `main':
src.c:(.text+0x46): undefined reference to `pthread_create'
/usr/bin/ld: src.c:(.text+0x52): undefined reference to `pthread_detach'
/usr/bin/ld: src.c:(.text+0x63): undefined reference to `pthread_join'
collect2: error: ld returned 1 exit status
make[1]: *** [CMakeFiles/cmTC_2e4b4.dir/build.make:87: cmTC_2e4b4] Error 1
make[1]: Leaving directory '/home/campo193/csci_5801/5801_Project/build/CMakeFiles/CMakeTmp'
make: *** [Makefile:121: cmTC_2e4b4/fast] Error 2


Source file was:
#include <pthread.h>

void* test_func(void* data)
{
  return data;
}

int main(void)
{
  pthread_t thread;
  pthread_create(&thread, NULL, test_func, NULL);
  pthread_detach(thread);
  pthread_join(thread, NULL);
  pthread_atfork(NULL, NULL, NULL);
  pthread_exit(NULL);

  return 0;
}

Determining if the function pthread_create exists in the pthreads failed with the following output:
Change Dir: /home/campo193/csci_5801/5801_Project/build/CMakeFiles/CMakeTmp

Run Build Command(s):/usr/bin/make cmTC_245c3/fast && /usr/bin/make -f CMakeFiles/cmTC_245c3.dir/build.make CMakeFiles/cmTC_245c3.dir/build
make[1]: Entering directory '/home/campo193/csci_5801/5801_Project/build/CMakeFiles/CMakeTmp'
Building C object CMakeFiles/cmTC_245c3.dir/CheckFunctionExists.c.o
/usr/bin/cc   -DCHECK_FUNCTION_EXISTS=pthread_create   -o CMakeFiles/cmTC_245c3.dir/CheckFunctionExists.c.o   -c /usr/share/cmake-3.16/Modules/CheckFunctionExists.c
Linking C executable cmTC_245c3
/usr/bin/cmake -E cmake_link_script CMakeFiles/cmTC_245c3.dir/link.txt --verbose=1
/usr/bin/cc  -DCHECK_FUNCTION_EXISTS=pthread_create    -rdynamic CMakeFiles/cmTC_245c3.dir/CheckFunctionExists.c.o  -o cmTC_245c3  -lpthreads 
/usr/bin/ld: cannot find -lpthreads
collect2: error: ld returned 1 exit status
make[1]: *** [CMakeFiles/cmTC_245c3.dir/build.make:87: cmTC_245c3] Error 1
make[1]: Leaving directory '/home/campo193/csci_5801/5801_Project/build/CMakeFiles/CMakeTmp'
make: *** [Makefile:121: cmTC_245c3/fast] Error 2



Performing C SOURCE FILE Test CMAKE_HAVE_LIBC_PTHREAD failed with the following output:
Change Dir: /home/campo193/csci_5801/5801_Project/build/CMakeFiles/CMakeTmp

Run Build Command(s):/usr/bin/make cmTC_b6ce5/fast && /usr/bin/make -f CMakeFiles/cmTC_b6ce5.dir/build.make CMakeFiles/cmTC_b6ce5.dir/build
make[1]: Entering directory '/home/campo193/csci_5801/5801_Project/build/CMakeFiles/CMakeTmp'
Building C object CMakeFiles/cmTC_b6ce5.dir/src.c.o
/usr/bin/cc   -DCMAKE_HAVE_LIBC_PTHREAD   -o CMakeFiles/cmTC_b6ce5.dir/src.c.o   -c /home/campo193/csci_5801/5801_Project/build/CMakeFiles/CMakeTmp/src.c
Linking C executable cmTC_b6ce5
/usr/bin/cmake -E cmake_link_script CMakeFiles/cmTC_b6ce5.dir/link.txt --verbose=1
/usr/bin/cc  -DCMAKE_HAVE_LIBC_PTHREAD    -rdynamic CMakeFiles/cmTC_b6ce5.dir/src.c.o  -o cmTC_b6ce5 
/usr/bin/ld: CMakeFiles/cmTC_b6ce5.dir/src.c.o: in function `main':
src.c:(.text+0x46): undefined reference to `pthread_create'
/usr/bin/ld: src.c:(.text+0x52): undefined reference to `pthread_detach'
/usr/bin/ld: src.c:(.text+0x63): undefined reference to `pthread_join'
collect2: error: ld returned 1 exit status
make[1]: *** [CMakeFiles/cmTC_b6ce5.dir/build.make:87: cmTC_b6ce5] Error 1
make[1]: Leaving directory '/home/campo193/csci_5801/5801_Project/build/CMakeFiles/CMakeTmp'
make: *** [Makefile:121: cmTC_b6ce5/fast] Error 2


Source file was:
#include <pthread.h>

void* test_func(void* data)
{
  return data;
}

int main(void)
{
  pthread_t thread;
  pthread_create(&thread, NULL, test_func, NULL);
  pthread_detach(thread);
  pthread_join(thread, NULL);
  pthread_atfork(NULL, NULL, NULL);
  pthread_exit(NULL);

  return 0;
}

Determining if the function pthread_create exists in the pthreads failed with the following output:
Change Dir: /home/campo193/csci_5801/5801_Project/build/CMakeFiles/CMakeTmp

Run Build Command(s):/usr/bin/make cmTC_967a5/fast && /usr/bin/make -f CMakeFiles/cmTC_967a5.dir/build.make CMakeFiles/cmTC_967a5.dir/build
make[1]: Entering directory '/home/campo193/csci_5801/5801_Project/build/CMakeFiles/CMakeTmp'
Building C object CMakeFiles/cmTC_967a5.dir/CheckFunctionExists.c.o
/usr/bin/cc   -DCHECK_FUNCTION_EXISTS=pthread_create   -o CMakeFiles/cmTC_967a5.dir/CheckFunctionExists.c.o   -c /usr/share/cmake-3.16/Modules/CheckFunctionExists.c
Linking C executable cmTC_967a5
/usr/bin/cmake -E cmake_link_script CMakeFiles/cmTC_967a5.dir/link.txt --verbose=1
/usr/bin/cc  -DCHECK_FUNCTION_EXISTS=pthread_create    -rdynamic CMakeFiles/cmTC_967a5.dir/CheckFunctionExists.c.o  -o cmTC_967a5  -lpthreads 
/usr/bin/ld: cannot find -lpthreads
collect2: error: ld returned 1 exit status
make[1]: *** [CMakeFiles/cmTC_967a5.dir/build.make:87: cmTC_967a5] Error 1
make[1]: Leaving directory '/home/campo193/csci_5801/5801_Project/build/CMakeFiles/CMakeTmp'
make: *** [Makefile:121: cmTC_967a5/fast] Error 2



Performing C SOURCE FILE Test CMAKE_HAVE_LIBC_PTHREAD failed with the following output:
Change Dir: /home/campo193/csci_5801/5801_Project/build/CMakeFiles/CMakeTmp

Run Build Command(s):/usr/bin/make cmTC_c362f/fast && /usr/bin/make -f CMakeFiles/cmTC_c362f.dir/build.make CMakeFiles/cmTC_c362f.dir/build
make[1]: Entering directory '/home/campo193/csci_5801/5801_Project/build/CMakeFiles/CMakeTmp'
Building C object CMakeFiles/cmTC_c362f.dir/src.c.o
/usr/bin/cc   -DCMAKE_HAVE_LIBC_PTHREAD   -o CMakeFiles/cmTC_c362f.dir/src.c.o   -c /home/campo193/csci_5801/5801_Project/build/CMakeFiles/CMakeTmp/src.c
Linking C executable cmTC_c362f
/usr/bin/cmake -E cmake_link_script CMakeFiles/cmTC_c362f.dir/link.txt --verbose=1
/usr/bin/cc  -DCMAKE_HAVE_LIBC_PTHREAD    -rdynamic CMakeFiles/cmTC_c362f.dir/src.c.o  -o cmTC_c362f 
/usr/bin/ld: CMakeFiles/cmTC_c362f.dir/src.c.o: in function `main':
src.c:(.text+0x46): undefined reference to `pthread_create'
/usr/bin/ld: src.c:(.text+0x52): undefined reference to `pthread_detach'
/usr/bin/ld: src.c:(.text+0x63): undefined reference to `pthread_join'
collect2: error: ld returned 1 exit status
make[1]: *** [CMakeFiles/cmTC_c362f.dir/build.make:87: cmTC_c362f] Error 1
make[1]: Leaving directory '/home/campo193/csci_5801/5801_Project/build/CMakeFiles/CMakeTmp'
make: *** [Makefile:121: cmTC_c362f/fast] Error 2


Source file was:
#include <pthread.h>

void* test_func(void* data)
{
  return data;
}

int main(void)
{
  pthread_t thread;
  pthread_create(&thread, NULL, test_func, NULL);
  pthread_detach(thread);
  pthread_join(thread, NULL);
  pthread_atfork(NULL, NULL, NULL);
  pthread_exit(NULL);

  return 0;
}

Determining if the function pthread_create exists in the pthreads failed with the following output:
Change Dir: /home/campo193/csci_5801/5801_Project/build/CMakeFiles/CMakeTmp

Run Build Command(s):/usr/bin/make cmTC_302d9/fast && /usr/bin/make -f CMakeFiles/cmTC_302d9.dir/build.make CMakeFiles/cmTC_302d9.dir/build
make[1]: Entering directory '/home/campo193/csci_5801/5801_Project/build/CMakeFiles/CMakeTmp'
Building C object CMakeFiles/cmTC_302d9.dir/CheckFunctionExists.c.o
/usr/bin/cc   -DCHECK_FUNCTION_EXISTS=pthread_create   -o CMakeFiles/cmTC_302d9.dir/CheckFunctionExists.c.o   -c /usr/share/cmake-3.16/Modules/CheckFunctionExists.c
Linking C executable cmTC_302d9
/usr/bin/cmake -E cmake_link_script CMakeFiles/cmTC_302d9.dir/link.txt --verbose=1
/usr/bin/cc  -DCHECK_FUNCTION_EXISTS=pthread_create    -rdynamic CMakeFiles/cmTC_302d9.dir/CheckFunctionExists.c.o  -o cmTC_302d9  -lpthreads 
/usr/bin/ld: cannot find -lpthreads
collect2: error: ld returned 1 exit status
make[1]: *** [CMakeFiles/cmTC_302d9.dir/build.make:87: cmTC_302d9] Error 1
make[1]: Leaving directory '/home/campo193/csci_5801/5801_Project/build/CMakeFiles/CMakeTmp'
make: *** [Makefile:121: cmTC_302d9/fast] Error 2



Performing C SOURCE FILE Test CMAKE_HAVE_LIBC_PTHREAD failed with the following output:
Change Dir: /home/campo193/csci_5801/5801_Project/build/CMakeFiles/CMakeTmp

Run Build Command(s):/usr/bin/make cmTC_4dd5c/fast && /usr/bin/make -f CMakeFiles/cmTC_4dd5c.dir/build.make CMakeFiles/cmTC_4dd5c.dir/build
make[1]: Entering directory '/home/campo193/csci_5801/5801_Project/build/CMakeFiles/CMakeTmp'
Building C object CMakeFiles/cmTC_4dd5c.dir/src.c.o
/usr/bin/cc   -DCMAKE_HAVE_LIBC_PTHREAD   -o CMakeFiles/cmTC_4dd5c.dir/src.c.o   -c /home/campo193/csci_5801/5801_Project/build/CMakeFiles/CMakeTmp/src.c
Linking C executable cmTC_4dd5c
/usr/bin/cmake -E cmake_link_script CMakeFiles/cmTC_4dd5c.dir/link.txt --verbose=1
/usr/bin/cc  -DCMAKE_HAVE_LIBC_PTHREAD    -rdynamic CMakeFiles/cmTC_4dd5c.dir/src.c.o  -o cmTC_4dd5c 
/usr/bin/ld: CMakeFiles/cmTC_4dd5c.dir/src.c.o: in function `main':
src.c:(.text+0x46): undefined reference to `pthread_create'
/usr/bin/ld: src.c:(.text+0x52): undefined reference to `pthread_detach'
/usr/bin/ld: src.c:(.text+0x63): undefined reference to `pthread_join'
collect2: error: ld returned 1 exit status
make[1]: *** [CMakeFiles/cmTC_4dd5c.dir/build.make:87: cmTC_4dd5c] Error 1
make[1]: Leaving directory '/home/campo193/csci_5801/5801_Project/build/CMakeFiles/CMakeTmp'
make: *** [Makefile:121: cmTC_4dd5c/fast] Error 2


Source file was:
#include <pthread.h>

void* test_func(void* data)
{
  return data;
}

int main(void)
{
  pthread_t thread;
  pthread_create(&thread, NULL, test_func, NULL);
  pthread_detach(thread);
  pthread_join(thread, NULL);
  pthread_atfork(NULL, NULL, NULL);
  pthread_exit(NULL);

  return 0;
}

Determining if the function pthread_create exists in the pthreads failed with the following output:
Change Dir: /home/campo193/csci_5801/5801_Project/build/CMakeFiles/CMakeTmp

Run Build Command(s):/usr/bin/make cmTC_4f0eb/fast && /usr/bin/make -f CMakeFiles/cmTC_4f0eb.dir/build.make CMakeFiles/cmTC_4f0eb.dir/build
make[1]: Entering directory '/home/campo193/csci_5801/5801_Project/build/CMakeFiles/CMakeTmp'
Building C object CMakeFiles/cmTC_4f0eb.dir/CheckFunctionExists.c.o
/usr/bin/cc   -DCHECK_FUNCTION_EXISTS=pthread_create   -o CMakeFiles/cmTC_4f0eb.dir/CheckFunctionExists.c.o   -c /usr/share/cmake-3.16/Modules/CheckFunctionExists.c
Linking C executable cmTC_4f0eb
/usr/bin/cmake -E cmake_link_script CMakeFiles/cmTC_4f0eb.dir/link.txt --verbose=1
/usr/bin/cc  -DCHECK_FUNCTION_EXISTS=pthread_create    -rdynamic CMakeFiles/cmTC_4f0eb.dir/CheckFunctionExists.c.o  -o cmTC_4f0eb  -lpthreads 
/usr/bin/ld: cannot find -lpthreads
collect2: error: ld returned 1 exit status
make[1]: *** [CMakeFiles/cmTC_4f0eb.dir/build.make:87: cmTC_4f0eb] Error 1
make[1]: Leaving directory '/home/campo193/csci_5801/5801_Project/build/CMakeFiles/CMakeTmp'
make: *** [Makefile:121: cmTC_4f0eb/fast] Error 2



